<?xml version="1.0" encoding="UTF-8"?>
<testsuite name="domain.useCases.vendor.DeleteVendorTest" tests="1" skipped="0" failures="0" errors="0" timestamp="2022-04-26T11:47:36" hostname="mbpdesebastian" time="0.02">
  <properties/>
  <testcase name="delete another vendor()" classname="domain.useCases.vendor.DeleteVendorTest" time="0.02"/>
  <system-out><![CDATA[]]></system-out>
  <system-err><![CDATA[]]></system-err>
</testsuite>
