<?xml version="1.0" encoding="UTF-8"?>
<testsuite name="com.lucca.domain.useCases.events.UpdateEventTest" tests="3" skipped="0" failures="0" errors="0" timestamp="2022-02-01T21:46:53" hostname="Sebas.local" time="0.187">
  <properties/>
  <testcase name="validate event id" classname="com.lucca.domain.useCases.events.UpdateEventTest" time="0.007"/>
  <testcase name="cancel event by player" classname="com.lucca.domain.useCases.events.UpdateEventTest" time="0.179"/>
  <testcase name="invalid event id" classname="com.lucca.domain.useCases.events.UpdateEventTest" time="0.0"/>
  <system-out><![CDATA[]]></system-out>
  <system-err><![CDATA[]]></system-err>
</testsuite>
