<?xml version="1.0" encoding="UTF-8"?>
<testsuite name="domain.useCases.house.GetHousesAroundTest" tests="1" skipped="0" failures="0" errors="0" timestamp="2022-07-19T12:05:20" hostname="192.168.1.2" time="0.01">
  <properties/>
  <testcase name="get only 3m house around()" classname="domain.useCases.house.GetHousesAroundTest" time="0.01"/>
  <system-out><![CDATA[]]></system-out>
  <system-err><![CDATA[]]></system-err>
</testsuite>
