<?xml version="1.0" encoding="UTF-8"?>
<testsuite name="com.lucca.domain.useCases.schedule.CreateScheduleUseCaseTest" tests="1" skipped="0" failures="0" errors="0" timestamp="2022-02-03T20:51:04" hostname="sebas" time="0.242">
  <properties/>
  <testcase name="create schedule from player" classname="com.lucca.domain.useCases.schedule.CreateScheduleUseCaseTest" time="0.242"/>
  <system-out><![CDATA[]]></system-out>
  <system-err><![CDATA[]]></system-err>
</testsuite>
