<?xml version="1.0" encoding="UTF-8"?>
<testsuite name="com.lucca.domain.useCases.player.CreatePlayerUseCaseTest" tests="1" skipped="0" failures="0" errors="0" timestamp="2022-01-20T15:54:34" hostname="Sebas.local" time="0.011">
  <properties/>
  <testcase name="create player" classname="com.lucca.domain.useCases.player.CreatePlayerUseCaseTest" time="0.011"/>
  <system-out><![CDATA[]]></system-out>
  <system-err><![CDATA[]]></system-err>
</testsuite>
