<?xml version="1.0" encoding="UTF-8"?>
<testsuite name="com.lucca.domain.useCases.events.CreateEventTest" tests="1" skipped="0" failures="0" errors="0" timestamp="2022-01-24T20:40:51" hostname="sebas" time="0.001">
  <properties/>
  <testcase name="create event" classname="com.lucca.domain.useCases.events.CreateEventTest" time="0.001"/>
  <system-out><![CDATA[]]></system-out>
  <system-err><![CDATA[]]></system-err>
</testsuite>
