<?xml version="1.0" encoding="UTF-8"?>
<testsuite name="com.lucca.domain.useCases.events.CreateEventTest" tests="6" skipped="0" failures="0" errors="0" timestamp="2022-01-25T11:59:56" hostname="Sebas" time="0.188">
  <properties/>
  <testcase name="validate exist playerId" classname="com.lucca.domain.useCases.events.CreateEventTest" time="0.009"/>
  <testcase name="create event" classname="com.lucca.domain.useCases.events.CreateEventTest" time="0.178"/>
  <testcase name="create another event" classname="com.lucca.domain.useCases.events.CreateEventTest" time="0.0"/>
  <testcase name="invalid exist playerId" classname="com.lucca.domain.useCases.events.CreateEventTest" time="0.0"/>
  <testcase name="invalid exist subscriberId" classname="com.lucca.domain.useCases.events.CreateEventTest" time="0.0"/>
  <testcase name="validate exist subscriberId" classname="com.lucca.domain.useCases.events.CreateEventTest" time="0.0"/>
  <system-out><![CDATA[]]></system-out>
  <system-err><![CDATA[]]></system-err>
</testsuite>
