<?xml version="1.0" encoding="UTF-8"?>
<testsuite name="com.lucca.domain.useCases.events.UpdateEventTest" tests="7" skipped="0" failures="0" errors="0" timestamp="2022-02-03T20:21:00" hostname="sebas" time="0.003">
  <properties/>
  <testcase name="validate event id" classname="com.lucca.domain.useCases.events.UpdateEventTest" time="0.001"/>
  <testcase name="cancel event by player" classname="com.lucca.domain.useCases.events.UpdateEventTest" time="0.0"/>
  <testcase name="invalid event id" classname="com.lucca.domain.useCases.events.UpdateEventTest" time="0.0"/>
  <testcase name="invalid player id" classname="com.lucca.domain.useCases.events.UpdateEventTest" time="0.0"/>
  <testcase name="validate player id" classname="com.lucca.domain.useCases.events.UpdateEventTest" time="0.001"/>
  <testcase name="invalid subscriber id" classname="com.lucca.domain.useCases.events.UpdateEventTest" time="0.001"/>
  <testcase name="validate subscriber id" classname="com.lucca.domain.useCases.events.UpdateEventTest" time="0.0"/>
  <system-out><![CDATA[]]></system-out>
  <system-err><![CDATA[]]></system-err>
</testsuite>
