<?xml version="1.0" encoding="UTF-8"?>
<testsuite name="com.lucca.ApplicationTest" tests="1" skipped="0" failures="0" errors="0" timestamp="2022-02-04T11:43:47" hostname="sebas" time="1.636">
  <properties/>
  <testcase name="testRoot" classname="com.lucca.ApplicationTest" time="1.636"/>
  <system-out><![CDATA[2022-02-04 08:43:47.490 [Test worker] INFO  ktor.test - Autoreload is disabled because the development mode is off.
2022-02-04 08:43:47.497 [Test worker] INFO  ktor.test - Application started in 0.056 seconds.
2022-02-04 08:43:48.123 [Test worker] INFO  c.l.d.providers.RepositoryProvider - Persistence type is REDIS
2022-02-04 08:43:48.124 [Test worker] INFO  c.l.d.providers.RepositoryProvider - Connecting to redis instance...
2022-02-04 08:43:48.179 [Test worker] DEBUG i.l.c.r.AddressResolverGroupProvider - Starting without optional netty's non-blocking DNS resolver library
2022-02-04 08:43:48.181 [Test worker] DEBUG i.l.c.r.DefaultClientResources - -Dio.netty.eventLoopThreads: 12
2022-02-04 08:43:48.188 [Test worker] DEBUG i.l.c.r.DefaultEventLoopGroupProvider - Creating executor io.netty.util.concurrent.DefaultEventExecutorGroup
2022-02-04 08:43:48.302 [Test worker] DEBUG reactor.util.Loggers$LoggerFactory - Using Slf4j logging framework
2022-02-04 08:43:48.306 [Test worker] DEBUG i.l.c.event.jfr.EventRecorderHolder - Starting with JFR support
2022-02-04 08:43:48.394 [Test worker] DEBUG i.l.c.r.DefaultClientResources - LatencyUtils/HdrUtils are not available, metrics are disabled
2022-02-04 08:43:48.401 [Test worker] DEBUG io.lettuce.core.RedisClient - Trying to get a Redis connection for: redis://***********@localhost
2022-02-04 08:43:48.597 [Test worker] DEBUG i.l.core.resource.KqueueProvider - Starting without optional kqueue library
2022-02-04 08:43:48.598 [Test worker] DEBUG i.l.core.resource.IOUringProvider - Starting without optional io_uring library
2022-02-04 08:43:48.603 [Test worker] DEBUG i.l.core.resource.EpollProvider - Starting without optional epoll library
2022-02-04 08:43:48.607 [Test worker] DEBUG i.l.c.r.DefaultEventLoopGroupProvider - Allocating executor io.netty.channel.nio.NioEventLoopGroup
2022-02-04 08:43:48.608 [Test worker] DEBUG i.l.c.r.DefaultEventLoopGroupProvider - Creating executor io.netty.channel.nio.NioEventLoopGroup
2022-02-04 08:43:48.614 [Test worker] DEBUG i.l.c.r.DefaultEventLoopGroupProvider - Adding reference to io.netty.channel.nio.NioEventLoopGroup@321bf35a, existing ref count 0
2022-02-04 08:43:48.667 [Test worker] DEBUG io.lettuce.core.RedisClient - Resolved SocketAddress localhost/<unresolved>:6379 using redis://***********@localhost
2022-02-04 08:43:48.667 [Test worker] DEBUG io.lettuce.core.AbstractRedisClient - Connecting to Redis at localhost/<unresolved>:6379
2022-02-04 08:43:48.723 [lettuce-nioEventLoop-4-1] DEBUG i.l.core.protocol.CommandHandler - [channel=0x5cbddd21, [id: 0xf8c946ad] (inactive), epid=0x1, chid=0x1] channelRegistered()
2022-02-04 08:43:48.758 [lettuce-nioEventLoop-4-1] DEBUG i.l.core.protocol.CommandHandler - [channel=0x5cbddd21, /127.0.0.1:53163 -> localhost/127.0.0.1:6379, epid=0x1, chid=0x1] write(ctx, AsyncCommand [type=HELLO, output=GenericMapOutput [output=null, error='null'], commandType=io.lettuce.core.protocol.Command], promise)
2022-02-04 08:43:48.761 [lettuce-nioEventLoop-4-1] DEBUG i.l.core.protocol.CommandEncoder - [channel=0x5cbddd21, /127.0.0.1:53163 -> localhost/127.0.0.1:6379] writing command AsyncCommand [type=HELLO, output=GenericMapOutput [output=null, error='null'], commandType=io.lettuce.core.protocol.Command]
2022-02-04 08:43:48.761 [lettuce-nioEventLoop-4-1] TRACE i.l.core.protocol.CommandEncoder - [channel=0x5cbddd21, /127.0.0.1:53163 -> localhost/127.0.0.1:6379] Sent: *5
$5
HELLO
$1
3
$4
AUTH
$7
default
$11
local_redis
2022-02-04 08:43:48.765 [lettuce-nioEventLoop-4-1] DEBUG i.l.core.protocol.CommandHandler - [channel=0x5cbddd21, /127.0.0.1:53163 -> localhost/127.0.0.1:6379, epid=0x1, chid=0x1] Received: 145 bytes, 1 commands in the stack
2022-02-04 08:43:48.765 [lettuce-nioEventLoop-4-1] TRACE i.l.core.protocol.CommandHandler - [channel=0x5cbddd21, /127.0.0.1:53163 -> localhost/127.0.0.1:6379, epid=0x1, chid=0x1] Buffer: %7
$6
server
$5
redis
$7
version
$5
6.2.6
$5
proto
:3
$2
id
:36
$4
mode
$10
standalone
$4
role
$6
master
$7
modules
*0
2022-02-04 08:43:48.766 [lettuce-nioEventLoop-4-1] DEBUG i.l.core.protocol.CommandHandler - [channel=0x5cbddd21, /127.0.0.1:53163 -> localhost/127.0.0.1:6379, epid=0x1, chid=0x1] Stack contains: 1 commands
2022-02-04 08:43:48.773 [lettuce-nioEventLoop-4-1] DEBUG i.l.core.protocol.RedisStateMachine - Decode done, empty stack: true
2022-02-04 08:43:48.773 [lettuce-nioEventLoop-4-1] DEBUG i.l.core.protocol.CommandHandler - [channel=0x5cbddd21, /127.0.0.1:53163 -> localhost/127.0.0.1:6379, epid=0x1, chid=0x1] Completing command AsyncCommand [type=HELLO, output=GenericMapOutput [output={server=redis, version=6.2.6, proto=3, id=36, mode=standalone, role=master}, error='null'], commandType=io.lettuce.core.protocol.Command]
2022-02-04 08:43:48.773 [lettuce-nioEventLoop-4-1] DEBUG i.l.core.protocol.CommandHandler - [channel=0x5cbddd21, /127.0.0.1:53163 -> localhost/127.0.0.1:6379, epid=0x1, chid=0x1] channelActive()
2022-02-04 08:43:48.774 [lettuce-nioEventLoop-4-1] DEBUG i.l.core.protocol.DefaultEndpoint - [channel=0x5cbddd21, /127.0.0.1:53163 -> localhost/127.0.0.1:6379, epid=0x1] activateEndpointAndExecuteBufferedCommands 0 command(s) buffered
2022-02-04 08:43:48.775 [lettuce-nioEventLoop-4-1] DEBUG i.l.core.protocol.DefaultEndpoint - [channel=0x5cbddd21, /127.0.0.1:53163 -> localhost/127.0.0.1:6379, epid=0x1] activating endpoint
2022-02-04 08:43:48.775 [lettuce-nioEventLoop-4-1] DEBUG i.l.core.protocol.DefaultEndpoint - [channel=0x5cbddd21, /127.0.0.1:53163 -> localhost/127.0.0.1:6379, epid=0x1] flushCommands()
2022-02-04 08:43:48.775 [lettuce-nioEventLoop-4-1] DEBUG i.l.core.protocol.DefaultEndpoint - [channel=0x5cbddd21, /127.0.0.1:53163 -> localhost/127.0.0.1:6379, epid=0x1] flushCommands() Flushing 0 commands
2022-02-04 08:43:48.777 [lettuce-nioEventLoop-4-1] DEBUG i.l.core.protocol.ConnectionWatchdog - [channel=0x5cbddd21, /127.0.0.1:53163 -> localhost/127.0.0.1:6379, last known addr=localhost/127.0.0.1:6379] channelActive()
2022-02-04 08:43:48.777 [lettuce-nioEventLoop-4-1] DEBUG i.l.core.protocol.CommandHandler - [channel=0x5cbddd21, /127.0.0.1:53163 -> localhost/127.0.0.1:6379, epid=0x1, chid=0x1] channelActive() done
2022-02-04 08:43:48.777 [lettuce-nioEventLoop-4-1] DEBUG io.lettuce.core.AbstractRedisClient - Connecting to Redis at localhost/<unresolved>:6379: Success
2022-02-04 08:43:48.795 [Test worker] INFO  c.l.d.providers.RepositoryProvider - Connection with redis established
]]></system-out>
  <system-err><![CDATA[]]></system-err>
</testsuite>
