<?xml version="1.0" encoding="UTF-8"?>
<testsuite name="com.lucca.domain.useCases.player.CreatePlayerUseCaseTest" tests="1" skipped="0" failures="0" errors="0" timestamp="2022-02-03T20:21:00" hostname="sebas" time="0.004">
  <properties/>
  <testcase name="create player" classname="com.lucca.domain.useCases.player.CreatePlayerUseCaseTest" time="0.004"/>
  <system-out><![CDATA[]]></system-out>
  <system-err><![CDATA[]]></system-err>
</testsuite>
