<?xml version="1.0" encoding="UTF-8"?>
<testsuite name="domain.useCases.seller.DeleteSellerTest" tests="2" skipped="0" failures="0" errors="0" timestamp="2022-07-20T20:33:20" hostname="192.168.1.2" time="0.054">
  <properties/>
  <testcase name="delete another seller()" classname="domain.useCases.seller.DeleteSellerTest" time="0.037"/>
  <testcase name="delete seller()" classname="domain.useCases.seller.DeleteSellerTest" time="0.004"/>
  <system-out><![CDATA[]]></system-out>
  <system-err><![CDATA[]]></system-err>
</testsuite>
